<?xml version="1.0"?>
<!DOCTYPE coverage SYSTEM "http://cobertura.sourceforge.net/xml/coverage-04.dtd">

<coverage line-rate="0.9635416666666666" branch-rate="1.0" lines-covered="185" lines-valid="192" branches-covered="50" branches-valid="50" complexity="2.5" version="1.9.4.1" timestamp="1444986322904">
	<sources>
		<source>--source</source>
		<source>/workspaces/java/dbunit-runner/src/main/java</source>
	</sources>
	<packages>
		<package name="org.kiy0taka.dbunit" line-rate="0.9635416666666666" branch-rate="1.0" complexity="2.5">
			<classes>
				<class name="org.kiy0taka.dbunit.DataSetBuilder" filename="org/kiy0taka/dbunit/DataSetBuilder.java" line-rate="1.0" branch-rate="1.0" complexity="2.3333333333333335">
					<methods>
						<method name="&lt;init&gt;" signature="(Lorg/dbunit/dataset/IDataSet;)V" line-rate="1.0" branch-rate="1.0">
							<lines>
								<line number="42" hits="51" branch="false"/>
								<line number="44" hits="51" branch="false"/>
								<line number="46" hits="51" branch="false"/>
								<line number="54" hits="51" branch="false"/>
								<line number="55" hits="51" branch="false"/>
								<line number="56" hits="51" branch="false"/>
							</lines>
						</method>
						<method name="dataSet" signature="(Lorg/dbunit/dataset/IDataSet;)Lorg/kiy0taka/dbunit/DataSetBuilder;" line-rate="1.0" branch-rate="1.0">
							<lines>
								<line number="150" hits="29" branch="false"/>
							</lines>
						</method>
						<method name="excludeColumns" signature="([Ljava/lang/String;)Lorg/kiy0taka/dbunit/DataSetBuilder;" line-rate="1.0" branch-rate="1.0">
							<lines>
								<line number="84" hits="73" branch="true" condition-coverage="100% (2/2)">
									<conditions>
										<condition number="0" type="jump" coverage="100%"/>
									</conditions>
								</line>
								<line number="85" hits="39" branch="false"/>
								<line number="86" hits="39" branch="true" condition-coverage="100% (2/2)">
									<conditions>
										<condition number="0" type="jump" coverage="100%"/>
									</conditions>
								</line>
								<line number="87" hits="11" branch="false"/>
								<line number="88" hits="11" branch="false"/>
								<line number="89" hits="11" branch="true" condition-coverage="100% (2/2)">
									<conditions>
										<condition number="0" type="jump" coverage="100%"/>
									</conditions>
								</line>
								<line number="90" hits="10" branch="false"/>
								<line number="91" hits="10" branch="false"/>
								<line number="93" hits="11" branch="false"/>
								<line number="94" hits="11" branch="false"/>
								<line number="95" hits="28" branch="false"/>
								<line number="98" hits="34" branch="false"/>
							</lines>
						</method>
						<method name="nullValue" signature="(Ljava/lang/Object;)Lorg/kiy0taka/dbunit/DataSetBuilder;" line-rate="1.0" branch-rate="1.0">
							<lines>
								<line number="64" hits="24" branch="false"/>
							</lines>
						</method>
						<method name="replacement" signature="(Ljava/lang/Object;Ljava/lang/Object;)Lorg/kiy0taka/dbunit/DataSetBuilder;" line-rate="1.0" branch-rate="1.0">
							<lines>
								<line number="74" hits="24" branch="false"/>
								<line number="75" hits="24" branch="false"/>
							</lines>
						</method>
						<method name="rtrim" signature="(Z)Lorg/kiy0taka/dbunit/DataSetBuilder;" line-rate="1.0" branch-rate="1.0">
							<lines>
								<line number="107" hits="20" branch="false"/>
								<line number="108" hits="20" branch="false"/>
							</lines>
						</method>
						<method name="toDataSet" signature="()Lorg/dbunit/dataset/IDataSet;" line-rate="1.0" branch-rate="1.0">
							<lines>
								<line number="117" hits="51" branch="false"/>
								<line number="118" hits="51" branch="true" condition-coverage="100% (2/2)">
									<conditions>
										<condition number="0" type="jump" coverage="100%"/>
									</conditions>
								</line>
								<line number="119" hits="24" branch="false"/>
								<line number="121" hits="51" branch="true" condition-coverage="100% (4/4)">
									<conditions>
										<condition number="0" type="jump" coverage="100%"/>
										<condition number="1" type="jump" coverage="100%"/>
									</conditions>
								</line>
								<line number="122" hits="32" branch="false"/>
								<line number="123" hits="73" branch="true" condition-coverage="100% (2/2)">
									<conditions>
										<condition number="0" type="jump" coverage="100%"/>
									</conditions>
								</line>
								<line number="124" hits="41" branch="false"/>
								<line number="125" hits="41" branch="false"/>
								<line number="126" hits="41" branch="true" condition-coverage="100% (2/2)">
									<conditions>
										<condition number="0" type="jump" coverage="100%"/>
									</conditions>
								</line>
								<line number="127" hits="10" branch="false"/>
								<line number="129" hits="41" branch="false"/>
								<line number="132" hits="31" branch="false"/>
								<line number="134" hits="50" branch="true" condition-coverage="100% (2/2)">
									<conditions>
										<condition number="0" type="jump" coverage="100%"/>
									</conditions>
								</line>
								<line number="135" hits="2" branch="false"/>
								<line number="136" hits="4" branch="true" condition-coverage="100% (2/2)">
									<conditions>
										<condition number="0" type="jump" coverage="100%"/>
									</conditions>
								</line>
								<line number="137" hits="2" branch="false"/>
								<line number="139" hits="2" branch="false"/>
								<line number="141" hits="50" branch="false"/>
							</lines>
						</method>
					</methods>
					<lines>
						<line number="42" hits="51" branch="false"/>
						<line number="44" hits="51" branch="false"/>
						<line number="46" hits="51" branch="false"/>
						<line number="54" hits="51" branch="false"/>
						<line number="55" hits="51" branch="false"/>
						<line number="56" hits="51" branch="false"/>
						<line number="64" hits="24" branch="false"/>
						<line number="74" hits="24" branch="false"/>
						<line number="75" hits="24" branch="false"/>
						<line number="84" hits="73" branch="true" condition-coverage="100% (2/2)">
							<conditions>
								<condition number="0" type="jump" coverage="100%"/>
							</conditions>
						</line>
						<line number="85" hits="39" branch="false"/>
						<line number="86" hits="39" branch="true" condition-coverage="100% (2/2)">
							<conditions>
								<condition number="0" type="jump" coverage="100%"/>
							</conditions>
						</line>
						<line number="87" hits="11" branch="false"/>
						<line number="88" hits="11" branch="false"/>
						<line number="89" hits="11" branch="true" condition-coverage="100% (2/2)">
							<conditions>
								<condition number="0" type="jump" coverage="100%"/>
							</conditions>
						</line>
						<line number="90" hits="10" branch="false"/>
						<line number="91" hits="10" branch="false"/>
						<line number="93" hits="11" branch="false"/>
						<line number="94" hits="11" branch="false"/>
						<line number="95" hits="28" branch="false"/>
						<line number="98" hits="34" branch="false"/>
						<line number="107" hits="20" branch="false"/>
						<line number="108" hits="20" branch="false"/>
						<line number="117" hits="51" branch="false"/>
						<line number="118" hits="51" branch="true" condition-coverage="100% (2/2)">
							<conditions>
								<condition number="0" type="jump" coverage="100%"/>
							</conditions>
						</line>
						<line number="119" hits="24" branch="false"/>
						<line number="121" hits="51" branch="true" condition-coverage="100% (4/4)">
							<conditions>
								<condition number="0" type="jump" coverage="100%"/>
								<condition number="1" type="jump" coverage="100%"/>
							</conditions>
						</line>
						<line number="122" hits="32" branch="false"/>
						<line number="123" hits="73" branch="true" condition-coverage="100% (2/2)">
							<conditions>
								<condition number="0" type="jump" coverage="100%"/>
							</conditions>
						</line>
						<line number="124" hits="41" branch="false"/>
						<line number="125" hits="41" branch="false"/>
						<line number="126" hits="41" branch="true" condition-coverage="100% (2/2)">
							<conditions>
								<condition number="0" type="jump" coverage="100%"/>
							</conditions>
						</line>
						<line number="127" hits="10" branch="false"/>
						<line number="129" hits="41" branch="false"/>
						<line number="132" hits="31" branch="false"/>
						<line number="134" hits="50" branch="true" condition-coverage="100% (2/2)">
							<conditions>
								<condition number="0" type="jump" coverage="100%"/>
							</conditions>
						</line>
						<line number="135" hits="2" branch="false"/>
						<line number="136" hits="4" branch="true" condition-coverage="100% (2/2)">
							<conditions>
								<condition number="0" type="jump" coverage="100%"/>
							</conditions>
						</line>
						<line number="137" hits="2" branch="false"/>
						<line number="139" hits="2" branch="false"/>
						<line number="141" hits="50" branch="false"/>
						<line number="150" hits="29" branch="false"/>
					</lines>
				</class>
				<class name="org.kiy0taka.dbunit.DataSetBuilder$RTrimTable" filename="org/kiy0taka/dbunit/DataSetBuilder.java" line-rate="1.0" branch-rate="1.0" complexity="2.3333333333333335">
					<methods>
						<method name="&lt;clinit&gt;" signature="()V" line-rate="1.0" branch-rate="1.0">
							<lines>
								<line number="155" hits="1" branch="false"/>
							</lines>
						</method>
						<method name="&lt;init&gt;" signature="(Lorg/dbunit/dataset/ITable;)V" line-rate="1.0" branch-rate="1.0">
							<lines>
								<line number="157" hits="2" branch="false"/>
								<line number="158" hits="2" branch="false"/>
							</lines>
						</method>
						<method name="getValue" signature="(ILjava/lang/String;)Ljava/lang/Object;" line-rate="1.0" branch-rate="1.0">
							<lines>
								<line number="162" hits="19" branch="false"/>
								<line number="163" hits="19" branch="true" condition-coverage="100% (2/2)">
									<conditions>
										<condition number="0" type="jump" coverage="100%"/>
									</conditions>
								</line>
								<line number="164" hits="9" branch="false"/>
								<line number="166" hits="10" branch="false"/>
							</lines>
						</method>
					</methods>
					<lines>
						<line number="155" hits="1" branch="false"/>
						<line number="157" hits="2" branch="false"/>
						<line number="158" hits="2" branch="false"/>
						<line number="162" hits="19" branch="false"/>
						<line number="163" hits="19" branch="true" condition-coverage="100% (2/2)">
							<conditions>
								<condition number="0" type="jump" coverage="100%"/>
							</conditions>
						</line>
						<line number="164" hits="9" branch="false"/>
						<line number="166" hits="10" branch="false"/>
					</lines>
				</class>
				<class name="org.kiy0taka.dbunit.DbUnitRunner" filename="org/kiy0taka/dbunit/DbUnitRunner.java" line-rate="0.9803921568627451" branch-rate="1.0" complexity="3.0">
					<methods>
						<method name="&lt;clinit&gt;" signature="()V" line-rate="1.0" branch-rate="1.0">
							<lines>
								<line number="69" hits="1" branch="false"/>
								<line number="70" hits="1" branch="false"/>
								<line number="71" hits="1" branch="false"/>
							</lines>
						</method>
						<method name="&lt;init&gt;" signature="(Ljava/lang/Class;)V" line-rate="0.9090909090909091" branch-rate="1.0">
							<lines>
								<line number="99" hits="30" branch="false"/>
								<line number="101" hits="30" branch="false"/>
								<line number="103" hits="30" branch="false"/>
								<line number="105" hits="30" branch="false"/>
								<line number="107" hits="30" branch="false"/>
								<line number="115" hits="30" branch="false"/>
								<line number="116" hits="450" branch="true" condition-coverage="100% (2/2)">
									<conditions>
										<condition number="0" type="jump" coverage="100%"/>
									</conditions>
								</line>
								<line number="118" hits="420" branch="false"/>
								<line number="119" hits="420" branch="false"/>
								<line number="121" hits="0" branch="false"/>
								<line number="123" hits="30" branch="false"/>
							</lines>
						</method>
						<method name="computeTestMethods" signature="()Ljava/util/List;" line-rate="1.0" branch-rate="1.0">
							<lines>
								<line number="132" hits="32" branch="false"/>
								<line number="133" hits="32" branch="false"/>
								<line number="134" hits="32" branch="false"/>
							</lines>
						</method>
						<method name="createDataSource" signature="()Ljavax/sql/DataSource;" line-rate="1.0" branch-rate="1.0">
							<lines>
								<line number="161" hits="11" branch="false"/>
								<line number="162" hits="11" branch="false"/>
								<line number="163" hits="11" branch="false"/>
								<line number="164" hits="11" branch="false"/>
								<line number="165" hits="11" branch="false"/>
							</lines>
						</method>
						<method name="createTest" signature="()Ljava/lang/Object;" line-rate="1.0" branch-rate="1.0">
							<lines>
								<line number="138" hits="11" branch="false"/>
								<line number="139" hits="11" branch="false"/>
								<line number="140" hits="11" branch="false"/>
								<line number="141" hits="11" branch="true" condition-coverage="100% (2/2)">
									<conditions>
										<condition number="0" type="jump" coverage="100%"/>
									</conditions>
								</line>
								<line number="142" hits="4" branch="false"/>
								<line number="143" hits="4" branch="true" condition-coverage="100% (2/2)">
									<conditions>
										<condition number="0" type="jump" coverage="100%"/>
									</conditions>
								</line>
								<line number="144" hits="16" branch="false"/>
								<line number="145" hits="16" branch="false"/>
								<line number="146" hits="16" branch="false"/>
								<line number="147" hits="16" branch="false"/>
								<line number="149" hits="11" branch="false"/>
								<line number="150" hits="11" branch="true" condition-coverage="100% (2/2)">
									<conditions>
										<condition number="0" type="jump" coverage="100%"/>
									</conditions>
								</line>
								<line number="151" hits="4" branch="true" condition-coverage="100% (2/2)">
									<conditions>
										<condition number="0" type="jump" coverage="100%"/>
									</conditions>
								</line>
								<line number="152" hits="16" branch="false"/>
								<line number="153" hits="16" branch="false"/>
								<line number="154" hits="16" branch="false"/>
								<line number="155" hits="16" branch="false"/>
								<line number="157" hits="11" branch="false"/>
							</lines>
						</method>
						<method name="loadDriver" signature="(Ljava/lang/String;)V" line-rate="1.0" branch-rate="1.0">
							<lines>
								<line number="75" hits="3" branch="false"/>
								<line number="76" hits="1" branch="false"/>
								<line number="77" hits="1" branch="false"/>
								<line number="78" hits="2" branch="false"/>
								<line number="79" hits="2" branch="false"/>
							</lines>
						</method>
						<method name="methodBlock" signature="(Lorg/junit/runners/model/FrameworkMethod;)Lorg/junit/runners/model/Statement;" line-rate="1.0" branch-rate="1.0">
							<lines>
								<line number="126" hits="9" branch="false"/>
								<line number="127" hits="9" branch="false"/>
								<line number="128" hits="9" branch="true" condition-coverage="100% (2/2)">
									<conditions>
										<condition number="0" type="jump" coverage="100%"/>
									</conditions>
								</line>
							</lines>
						</method>
						<method name="optionalValue" signature="(Ljava/util/ResourceBundle;Ljava/lang/String;)Ljava/lang/String;" line-rate="1.0" branch-rate="1.0">
							<lines>
								<line number="170" hits="32" branch="false"/>
								<line number="171" hits="31" branch="false"/>
								<line number="172" hits="31" branch="false"/>
							</lines>
						</method>
					</methods>
					<lines>
						<line number="69" hits="1" branch="false"/>
						<line number="70" hits="1" branch="false"/>
						<line number="71" hits="1" branch="false"/>
						<line number="75" hits="3" branch="false"/>
						<line number="76" hits="1" branch="false"/>
						<line number="77" hits="1" branch="false"/>
						<line number="78" hits="2" branch="false"/>
						<line number="79" hits="2" branch="false"/>
						<line number="99" hits="30" branch="false"/>
						<line number="101" hits="30" branch="false"/>
						<line number="103" hits="30" branch="false"/>
						<line number="105" hits="30" branch="false"/>
						<line number="107" hits="30" branch="false"/>
						<line number="115" hits="30" branch="false"/>
						<line number="116" hits="450" branch="true" condition-coverage="100% (2/2)">
							<conditions>
								<condition number="0" type="jump" coverage="100%"/>
							</conditions>
						</line>
						<line number="118" hits="420" branch="false"/>
						<line number="119" hits="420" branch="false"/>
						<line number="121" hits="0" branch="false"/>
						<line number="123" hits="30" branch="false"/>
						<line number="126" hits="9" branch="false"/>
						<line number="127" hits="9" branch="false"/>
						<line number="128" hits="9" branch="true" condition-coverage="100% (2/2)">
							<conditions>
								<condition number="0" type="jump" coverage="100%"/>
							</conditions>
						</line>
						<line number="132" hits="32" branch="false"/>
						<line number="133" hits="32" branch="false"/>
						<line number="134" hits="32" branch="false"/>
						<line number="138" hits="11" branch="false"/>
						<line number="139" hits="11" branch="false"/>
						<line number="140" hits="11" branch="false"/>
						<line number="141" hits="11" branch="true" condition-coverage="100% (2/2)">
							<conditions>
								<condition number="0" type="jump" coverage="100%"/>
							</conditions>
						</line>
						<line number="142" hits="4" branch="false"/>
						<line number="143" hits="4" branch="true" condition-coverage="100% (2/2)">
							<conditions>
								<condition number="0" type="jump" coverage="100%"/>
							</conditions>
						</line>
						<line number="144" hits="16" branch="false"/>
						<line number="145" hits="16" branch="false"/>
						<line number="146" hits="16" branch="false"/>
						<line number="147" hits="16" branch="false"/>
						<line number="149" hits="11" branch="false"/>
						<line number="150" hits="11" branch="true" condition-coverage="100% (2/2)">
							<conditions>
								<condition number="0" type="jump" coverage="100%"/>
							</conditions>
						</line>
						<line number="151" hits="4" branch="true" condition-coverage="100% (2/2)">
							<conditions>
								<condition number="0" type="jump" coverage="100%"/>
							</conditions>
						</line>
						<line number="152" hits="16" branch="false"/>
						<line number="153" hits="16" branch="false"/>
						<line number="154" hits="16" branch="false"/>
						<line number="155" hits="16" branch="false"/>
						<line number="157" hits="11" branch="false"/>
						<line number="161" hits="11" branch="false"/>
						<line number="162" hits="11" branch="false"/>
						<line number="163" hits="11" branch="false"/>
						<line number="164" hits="11" branch="false"/>
						<line number="165" hits="11" branch="false"/>
						<line number="170" hits="32" branch="false"/>
						<line number="171" hits="31" branch="false"/>
						<line number="172" hits="31" branch="false"/>
					</lines>
				</class>
				<class name="org.kiy0taka.dbunit.DbUnitRunner$1" filename="org/kiy0taka/dbunit/DbUnitRunner.java" line-rate="1.0" branch-rate="1.0" complexity="3.0">
					<methods>
					</methods>
					<lines>
					</lines>
				</class>
				<class name="org.kiy0taka.dbunit.DbUnitRunner$DataSetType" filename="org/kiy0taka/dbunit/DbUnitRunner.java" line-rate="1.0" branch-rate="1.0" complexity="3.0">
					<methods>
						<method name="&lt;clinit&gt;" signature="()V" line-rate="1.0" branch-rate="1.0">
							<lines>
								<line number="81" hits="31" branch="false"/>
								<line number="82" hits="1" branch="false"/>
								<line number="87" hits="1" branch="false"/>
							</lines>
						</method>
						<method name="&lt;init&gt;" signature="(Ljava/lang/String;I)V" line-rate="1.0" branch-rate="1.0">
							<lines>
							</lines>
						</method>
						<method name="&lt;init&gt;" signature="(Ljava/lang/String;ILorg/kiy0taka/dbunit/DbUnitRunner$1;)V" line-rate="1.0" branch-rate="1.0">
							<lines>
							</lines>
						</method>
						<method name="valueOf" signature="(Ljava/lang/String;)Lorg/kiy0taka/dbunit/DbUnitRunner$DataSetType;" line-rate="1.0" branch-rate="1.0">
							<lines>
							</lines>
						</method>
						<method name="values" signature="()[Lorg/kiy0taka/dbunit/DbUnitRunner$DataSetType;" line-rate="1.0" branch-rate="1.0">
							<lines>
							</lines>
						</method>
					</methods>
					<lines>
						<line number="81" hits="31" branch="false"/>
						<line number="82" hits="1" branch="false"/>
						<line number="87" hits="1" branch="false"/>
					</lines>
				</class>
				<class name="org.kiy0taka.dbunit.DbUnitRunner$DataSetType$1" filename="org/kiy0taka/dbunit/DbUnitRunner.java" line-rate="1.0" branch-rate="1.0" complexity="3.0">
					<methods>
						<method name="&lt;init&gt;" signature="(Ljava/lang/String;I)V" line-rate="1.0" branch-rate="1.0">
							<lines>
								<line number="82" hits="1" branch="false"/>
							</lines>
						</method>
						<method name="createDataSet" signature="(Ljava/net/URL;)Lorg/dbunit/dataset/IDataSet;" line-rate="1.0" branch-rate="1.0">
							<lines>
								<line number="84" hits="23" branch="false"/>
							</lines>
						</method>
					</methods>
					<lines>
						<line number="82" hits="1" branch="false"/>
						<line number="84" hits="23" branch="false"/>
					</lines>
				</class>
				<class name="org.kiy0taka.dbunit.DbUnitRunner$DataSetType$2" filename="org/kiy0taka/dbunit/DbUnitRunner.java" line-rate="1.0" branch-rate="1.0" complexity="3.0">
					<methods>
						<method name="&lt;init&gt;" signature="(Ljava/lang/String;I)V" line-rate="1.0" branch-rate="1.0">
							<lines>
								<line number="87" hits="1" branch="false"/>
							</lines>
						</method>
						<method name="createDataSet" signature="(Ljava/net/URL;)Lorg/dbunit/dataset/IDataSet;" line-rate="1.0" branch-rate="1.0">
							<lines>
								<line number="89" hits="1" branch="false"/>
							</lines>
						</method>
					</methods>
					<lines>
						<line number="87" hits="1" branch="false"/>
						<line number="89" hits="1" branch="false"/>
					</lines>
				</class>
				<class name="org.kiy0taka.dbunit.DbUnitRunner$DbUnitStatement" filename="org/kiy0taka/dbunit/DbUnitRunner.java" line-rate="0.9333333333333333" branch-rate="1.0" complexity="3.0">
					<methods>
						<method name="&lt;init&gt;" signature="(Lorg/kiy0taka/dbunit/DbUnitRunner;Lorg/kiy0taka/dbunit/DbUnitTest;Lorg/junit/runners/model/Statement;)V" line-rate="1.0" branch-rate="1.0">
							<lines>
								<line number="194" hits="30" branch="false"/>
								<line number="195" hits="30" branch="false"/>
								<line number="196" hits="30" branch="false"/>
								<line number="197" hits="30" branch="false"/>
							</lines>
						</method>
						<method name="assertTables" signature="()V" line-rate="1.0" branch-rate="1.0">
							<lines>
								<line number="226" hits="10" branch="false"/>
								<line number="228" hits="9" branch="false"/>
								<line number="233" hits="9" branch="false"/>
								<line number="237" hits="7" branch="false"/>
								<line number="238" hits="1" branch="false"/>
								<line number="239" hits="1" branch="false"/>
								<line number="240" hits="1" branch="false"/>
								<line number="241" hits="1" branch="false"/>
								<line number="243" hits="3" branch="false"/>
								<line number="244" hits="9" branch="false"/>
								<line number="245" hits="1" branch="false"/>
								<line number="246" hits="1" branch="false"/>
								<line number="247" hits="8" branch="false"/>
								<line number="249" hits="5" branch="false"/>
							</lines>
						</method>
						<method name="createDatabaseConnection" signature="()Lorg/dbunit/database/IDatabaseConnection;" line-rate="0.5" branch-rate="1.0">
							<lines>
								<line number="266" hits="19" branch="false"/>
								<line number="267" hits="19" branch="false"/>
								<line number="268" hits="19" branch="false"/>
								<line number="269" hits="19" branch="false"/>
								<line number="270" hits="0" branch="false"/>
								<line number="271" hits="0" branch="false"/>
								<line number="272" hits="0" branch="false"/>
								<line number="273" hits="0" branch="false"/>
							</lines>
						</method>
						<method name="evaluate" signature="()V" line-rate="1.0" branch-rate="1.0">
							<lines>
								<line number="200" hits="12" branch="false"/>
								<line number="202" hits="12" branch="false"/>
								<line number="203" hits="12" branch="false"/>
								<line number="204" hits="12" branch="false"/>
								<line number="205" hits="12" branch="false"/>
								<line number="206" hits="10" branch="true" condition-coverage="100% (2/2)">
									<conditions>
										<condition number="0" type="jump" coverage="100%"/>
									</conditions>
								</line>
								<line number="207" hits="3" branch="false"/>
								<line number="209" hits="3" branch="false"/>
								<line number="210" hits="3" branch="true" condition-coverage="100% (2/2)">
									<conditions>
										<condition number="0" type="jump" coverage="100%"/>
									</conditions>
								</line>
								<line number="211" hits="2" branch="false"/>
								<line number="213" hits="3" branch="false"/>
								<line number="215" hits="12" branch="true" condition-coverage="100% (2/2)">
									<conditions>
										<condition number="0" type="jump" coverage="100%"/>
									</conditions>
								</line>
								<line number="216" hits="4" branch="false"/>
								<line number="218" hits="12" branch="false"/>
								<line number="219" hits="9" branch="false"/>
								<line number="220" hits="9" branch="true" condition-coverage="100% (2/2)">
									<conditions>
										<condition number="0" type="jump" coverage="100%"/>
									</conditions>
								</line>
								<line number="221" hits="5" branch="false"/>
								<line number="223" hits="8" branch="false"/>
							</lines>
						</method>
						<method name="executeUpdate" signature="(Lorg/dbunit/database/IDatabaseConnection;[Ljava/lang/String;)V" line-rate="1.0" branch-rate="1.0">
							<lines>
								<line number="278" hits="30" branch="true" condition-coverage="100% (2/2)">
									<conditions>
										<condition number="0" type="jump" coverage="100%"/>
									</conditions>
								</line>
								<line number="279" hits="16" branch="true" condition-coverage="100% (2/2)">
									<conditions>
										<condition number="0" type="jump" coverage="100%"/>
									</conditions>
								</line>
								<line number="280" hits="11" branch="false"/>
								<line number="282" hits="5" branch="false"/>
								<line number="284" hits="5" branch="false"/>
								<line number="285" hits="4" branch="false"/>
								<line number="287" hits="5" branch="true" condition-coverage="100% (2/2)">
									<conditions>
										<condition number="0" type="jump" coverage="100%"/>
									</conditions>
								</line>
								<line number="288" hits="4" branch="false"/>
								<line number="292" hits="14" branch="false"/>
							</lines>
						</method>
						<method name="load" signature="(Ljava/lang/String;)Lorg/dbunit/dataset/IDataSet;" line-rate="1.0" branch-rate="1.0">
							<lines>
								<line number="252" hits="26" branch="false"/>
								<line number="253" hits="26" branch="true" condition-coverage="100% (2/2)">
									<conditions>
										<condition number="0" type="jump" coverage="100%"/>
									</conditions>
								</line>
								<line number="254" hits="1" branch="false"/>
								<line number="256" hits="25" branch="false"/>
								<line number="258" hits="25" branch="false"/>
								<line number="259" hits="2" branch="false"/>
								<line number="260" hits="2" branch="false"/>
							</lines>
						</method>
					</methods>
					<lines>
						<line number="194" hits="30" branch="false"/>
						<line number="195" hits="30" branch="false"/>
						<line number="196" hits="30" branch="false"/>
						<line number="197" hits="30" branch="false"/>
						<line number="200" hits="12" branch="false"/>
						<line number="202" hits="12" branch="false"/>
						<line number="203" hits="12" branch="false"/>
						<line number="204" hits="12" branch="false"/>
						<line number="205" hits="12" branch="false"/>
						<line number="206" hits="10" branch="true" condition-coverage="100% (2/2)">
							<conditions>
								<condition number="0" type="jump" coverage="100%"/>
							</conditions>
						</line>
						<line number="207" hits="3" branch="false"/>
						<line number="209" hits="3" branch="false"/>
						<line number="210" hits="3" branch="true" condition-coverage="100% (2/2)">
							<conditions>
								<condition number="0" type="jump" coverage="100%"/>
							</conditions>
						</line>
						<line number="211" hits="2" branch="false"/>
						<line number="213" hits="3" branch="false"/>
						<line number="215" hits="12" branch="true" condition-coverage="100% (2/2)">
							<conditions>
								<condition number="0" type="jump" coverage="100%"/>
							</conditions>
						</line>
						<line number="216" hits="4" branch="false"/>
						<line number="218" hits="12" branch="false"/>
						<line number="219" hits="9" branch="false"/>
						<line number="220" hits="9" branch="true" condition-coverage="100% (2/2)">
							<conditions>
								<condition number="0" type="jump" coverage="100%"/>
							</conditions>
						</line>
						<line number="221" hits="5" branch="false"/>
						<line number="223" hits="8" branch="false"/>
						<line number="226" hits="10" branch="false"/>
						<line number="228" hits="9" branch="false"/>
						<line number="233" hits="9" branch="false"/>
						<line number="237" hits="7" branch="false"/>
						<line number="238" hits="1" branch="false"/>
						<line number="239" hits="1" branch="false"/>
						<line number="240" hits="1" branch="false"/>
						<line number="241" hits="1" branch="false"/>
						<line number="243" hits="3" branch="false"/>
						<line number="244" hits="9" branch="false"/>
						<line number="245" hits="1" branch="false"/>
						<line number="246" hits="1" branch="false"/>
						<line number="247" hits="8" branch="false"/>
						<line number="249" hits="5" branch="false"/>
						<line number="252" hits="26" branch="false"/>
						<line number="253" hits="26" branch="true" condition-coverage="100% (2/2)">
							<conditions>
								<condition number="0" type="jump" coverage="100%"/>
							</conditions>
						</line>
						<line number="254" hits="1" branch="false"/>
						<line number="256" hits="25" branch="false"/>
						<line number="258" hits="25" branch="false"/>
						<line number="259" hits="2" branch="false"/>
						<line number="260" hits="2" branch="false"/>
						<line number="266" hits="19" branch="false"/>
						<line number="267" hits="19" branch="false"/>
						<line number="268" hits="19" branch="false"/>
						<line number="269" hits="19" branch="false"/>
						<line number="270" hits="0" branch="false"/>
						<line number="271" hits="0" branch="false"/>
						<line number="272" hits="0" branch="false"/>
						<line number="273" hits="0" branch="false"/>
						<line number="278" hits="30" branch="true" condition-coverage="100% (2/2)">
							<conditions>
								<condition number="0" type="jump" coverage="100%"/>
							</conditions>
						</line>
						<line number="279" hits="16" branch="true" condition-coverage="100% (2/2)">
							<conditions>
								<condition number="0" type="jump" coverage="100%"/>
							</conditions>
						</line>
						<line number="280" hits="11" branch="false"/>
						<line number="282" hits="5" branch="false"/>
						<line number="284" hits="5" branch="false"/>
						<line number="285" hits="4" branch="false"/>
						<line number="287" hits="5" branch="true" condition-coverage="100% (2/2)">
							<conditions>
								<condition number="0" type="jump" coverage="100%"/>
							</conditions>
						</line>
						<line number="288" hits="4" branch="false"/>
						<line number="292" hits="14" branch="false"/>
					</lines>
				</class>
				<class name="org.kiy0taka.dbunit.DbUnitRunner$SetAccessibleAction" filename="org/kiy0taka/dbunit/DbUnitRunner.java" line-rate="1.0" branch-rate="1.0" complexity="3.0">
					<methods>
						<method name="&lt;init&gt;" signature="(Ljava/lang/reflect/Field;)V" line-rate="1.0" branch-rate="1.0">
							<lines>
								<line number="180" hits="32" branch="false"/>
								<line number="181" hits="32" branch="false"/>
								<line number="182" hits="32" branch="false"/>
							</lines>
						</method>
						<method name="run" signature="()Ljava/lang/Object;" line-rate="1.0" branch-rate="1.0">
							<lines>
								<line number="185" hits="32" branch="false"/>
								<line number="186" hits="32" branch="false"/>
							</lines>
						</method>
					</methods>
					<lines>
						<line number="180" hits="32" branch="false"/>
						<line number="181" hits="32" branch="false"/>
						<line number="182" hits="32" branch="false"/>
						<line number="185" hits="32" branch="false"/>
						<line number="186" hits="32" branch="false"/>
					</lines>
				</class>
				<class name="org.kiy0taka.dbunit.DbUnitTest" filename="org/kiy0taka/dbunit/DbUnitTest.java" line-rate="1.0" branch-rate="1.0" complexity="1.0">
					<methods>
					</methods>
					<lines>
					</lines>
				</class>
				<class name="org.kiy0taka.dbunit.DbUnitTest$1" filename="org/kiy0taka/dbunit/DbUnitTest.java" line-rate="1.0" branch-rate="1.0" complexity="1.0">
					<methods>
					</methods>
					<lines>
					</lines>
				</class>
				<class name="org.kiy0taka.dbunit.DbUnitTest$Operation" filename="org/kiy0taka/dbunit/DbUnitTest.java" line-rate="1.0" branch-rate="1.0" complexity="1.0">
					<methods>
						<method name="&lt;clinit&gt;" signature="()V" line-rate="1.0" branch-rate="1.0">
							<lines>
								<line number="82" hits="2" branch="false"/>
								<line number="87" hits="1" branch="false"/>
								<line number="92" hits="1" branch="false"/>
								<line number="97" hits="1" branch="false"/>
								<line number="102" hits="1" branch="false"/>
								<line number="107" hits="1" branch="false"/>
								<line number="112" hits="1" branch="false"/>
								<line number="117" hits="1" branch="false"/>
								<line number="122" hits="1" branch="false"/>
							</lines>
						</method>
						<method name="&lt;init&gt;" signature="(Ljava/lang/String;ILorg/dbunit/operation/DatabaseOperation;)V" line-rate="1.0" branch-rate="1.0">
							<lines>
								<line number="126" hits="8" branch="false"/>
								<line number="127" hits="8" branch="false"/>
								<line number="128" hits="8" branch="false"/>
							</lines>
						</method>
						<method name="toDatabaseOperation" signature="()Lorg/dbunit/operation/DatabaseOperation;" line-rate="1.0" branch-rate="1.0">
							<lines>
								<line number="135" hits="12" branch="false"/>
							</lines>
						</method>
						<method name="valueOf" signature="(Ljava/lang/String;)Lorg/kiy0taka/dbunit/DbUnitTest$Operation;" line-rate="1.0" branch-rate="1.0">
							<lines>
							</lines>
						</method>
						<method name="values" signature="()[Lorg/kiy0taka/dbunit/DbUnitTest$Operation;" line-rate="1.0" branch-rate="1.0">
							<lines>
							</lines>
						</method>
					</methods>
					<lines>
						<line number="82" hits="2" branch="false"/>
						<line number="87" hits="1" branch="false"/>
						<line number="92" hits="1" branch="false"/>
						<line number="97" hits="1" branch="false"/>
						<line number="102" hits="1" branch="false"/>
						<line number="107" hits="1" branch="false"/>
						<line number="112" hits="1" branch="false"/>
						<line number="117" hits="1" branch="false"/>
						<line number="122" hits="1" branch="false"/>
						<line number="126" hits="8" branch="false"/>
						<line number="127" hits="8" branch="false"/>
						<line number="128" hits="8" branch="false"/>
						<line number="135" hits="12" branch="false"/>
					</lines>
				</class>
				<class name="org.kiy0taka.dbunit.DbUnitTest$Sort" filename="org/kiy0taka/dbunit/DbUnitTest.java" line-rate="1.0" branch-rate="1.0" complexity="1.0">
					<methods>
						<method name="&lt;clinit&gt;" signature="()V" line-rate="1.0" branch-rate="1.0">
							<lines>
								<line number="144" hits="6" branch="false"/>
								<line number="150" hits="1" branch="false"/>
								<line number="163" hits="1" branch="false"/>
							</lines>
						</method>
						<method name="&lt;init&gt;" signature="(Ljava/lang/String;I)V" line-rate="1.0" branch-rate="1.0">
							<lines>
							</lines>
						</method>
						<method name="&lt;init&gt;" signature="(Ljava/lang/String;ILorg/kiy0taka/dbunit/DbUnitTest$1;)V" line-rate="1.0" branch-rate="1.0">
							<lines>
							</lines>
						</method>
						<method name="valueOf" signature="(Ljava/lang/String;)Lorg/kiy0taka/dbunit/DbUnitTest$Sort;" line-rate="1.0" branch-rate="1.0">
							<lines>
							</lines>
						</method>
						<method name="values" signature="()[Lorg/kiy0taka/dbunit/DbUnitTest$Sort;" line-rate="1.0" branch-rate="1.0">
							<lines>
							</lines>
						</method>
					</methods>
					<lines>
						<line number="144" hits="6" branch="false"/>
						<line number="150" hits="1" branch="false"/>
						<line number="163" hits="1" branch="false"/>
					</lines>
				</class>
				<class name="org.kiy0taka.dbunit.DbUnitTest$Sort$1" filename="org/kiy0taka/dbunit/DbUnitTest.java" line-rate="0.5" branch-rate="1.0" complexity="1.0">
					<methods>
						<method name="&lt;init&gt;" signature="(Ljava/lang/String;I)V" line-rate="1.0" branch-rate="1.0">
							<lines>
								<line number="150" hits="1" branch="false"/>
							</lines>
						</method>
						<method name="sort" signature="(Lorg/dbunit/dataset/IDataSet;)Lorg/dbunit/dataset/IDataSet;" line-rate="0.0" branch-rate="1.0">
							<lines>
								<line number="156" hits="0" branch="false"/>
							</lines>
						</method>
					</methods>
					<lines>
						<line number="150" hits="1" branch="false"/>
						<line number="156" hits="0" branch="false"/>
					</lines>
				</class>
				<class name="org.kiy0taka.dbunit.DbUnitTest$Sort$2" filename="org/kiy0taka/dbunit/DbUnitTest.java" line-rate="0.5" branch-rate="1.0" complexity="1.0">
					<methods>
						<method name="&lt;init&gt;" signature="(Ljava/lang/String;I)V" line-rate="1.0" branch-rate="1.0">
							<lines>
								<line number="163" hits="1" branch="false"/>
							</lines>
						</method>
						<method name="sort" signature="(Lorg/dbunit/dataset/IDataSet;)Lorg/dbunit/dataset/IDataSet;" line-rate="0.0" branch-rate="1.0">
							<lines>
								<line number="169" hits="0" branch="false"/>
							</lines>
						</method>
					</methods>
					<lines>
						<line number="163" hits="1" branch="false"/>
						<line number="169" hits="0" branch="false"/>
					</lines>
				</class>
				<class name="org.kiy0taka.dbunit.TestConnection" filename="org/kiy0taka/dbunit/TestConnection.java" line-rate="1.0" branch-rate="1.0" complexity="0.0">
					<methods>
					</methods>
					<lines>
					</lines>
				</class>
				<class name="org.kiy0taka.dbunit.TestDataSource" filename="org/kiy0taka/dbunit/TestDataSource.java" line-rate="1.0" branch-rate="1.0" complexity="0.0">
					<methods>
					</methods>
					<lines>
					</lines>
				</class>
			</classes>
		</package>
	</packages>
</coverage>
